This file contains any messages produced by compilers while
running configure, to aid debugging if configure makes a mistake.

It was created by esymath configure 1.0, which was
generated by GNU Autoconf 2.69.  Invocation command line was

  $ ./configure 

## --------- ##
## Platform. ##
## --------- ##

hostname = penguin
uname -m = x86_64
uname -r = 5.10.142-19743-gd301e86c39f7
uname -s = Linux
uname -v = #1 SMP PREEMPT Sun Nov 6 17:31:44 PST 2022

/usr/bin/uname -p = unknown
/bin/uname -X     = unknown

/bin/arch              = x86_64
/usr/bin/arch -k       = unknown
/usr/convex/getsysinfo = unknown
/usr/bin/hostinfo      = unknown
/bin/machine           = unknown
/usr/bin/oslevel       = unknown
/bin/universe          = unknown

PATH: /home/den/.cargo/bin
PATH: /usr/local/bin
PATH: /usr/bin
PATH: /bin
PATH: /usr/local/games
PATH: /usr/games


## ----------- ##
## Core tests. ##
## ----------- ##

configure:2203: checking for gcc
configure:2219: found /usr/bin/gcc
configure:2230: result: gcc
configure:2459: checking for C compiler version
configure:2468: gcc --version >&5
gcc (Debian 10.2.1-6) 10.2.1 20210110
Copyright (C) 2020 Free Software Foundation, Inc.
This is free software; see the source for copying conditions.  There is NO
warranty; not even for MERCHANTABILITY or FITNESS FOR A PARTICULAR PURPOSE.

configure:2479: $? = 0
configure:2468: gcc -v >&5
Using built-in specs.
COLLECT_GCC=gcc
COLLECT_LTO_WRAPPER=/usr/lib/gcc/x86_64-linux-gnu/10/lto-wrapper
OFFLOAD_TARGET_NAMES=nvptx-none:amdgcn-amdhsa:hsa
OFFLOAD_TARGET_DEFAULT=1
Target: x86_64-linux-gnu
Configured with: ../src/configure -v --with-pkgversion='Debian 10.2.1-6' --with-bugurl=file:///usr/share/doc/gcc-10/README.Bugs --enable-languages=c,ada,c++,go,brig,d,fortran,objc,obj-c++,m2 --prefix=/usr --with-gcc-major-version-only --program-suffix=-10 --program-prefix=x86_64-linux-gnu- --enable-shared --enable-linker-build-id --libexecdir=/usr/lib --without-included-gettext --enable-threads=posix --libdir=/usr/lib --enable-nls --enable-bootstrap --enable-clocale=gnu --enable-libstdcxx-debug --enable-libstdcxx-time=yes --with-default-libstdcxx-abi=new --enable-gnu-unique-object --disable-vtable-verify --enable-plugin --enable-default-pie --with-system-zlib --enable-libphobos-checking=release --with-target-system-zlib=auto --enable-objc-gc=auto --enable-multiarch --disable-werror --with-arch-32=i686 --with-abi=m64 --with-multilib-list=m32,m64,mx32 --enable-multilib --with-tune=generic --enable-offload-targets=nvptx-none=/build/gcc-10-Km9U7s/gcc-10-10.2.1/debian/tmp-nvptx/usr,amdgcn-amdhsa=/build/gcc-10-Km9U7s/gcc-10-10.2.1/debian/tmp-gcn/usr,hsa --without-cuda-driver --enable-checking=release --build=x86_64-linux-gnu --host=x86_64-linux-gnu --target=x86_64-linux-gnu --with-build-config=bootstrap-lto-lean --enable-link-mutex
Thread model: posix
Supported LTO compression algorithms: zlib zstd
gcc version 10.2.1 20210110 (Debian 10.2.1-6) 
... rest of stderr output deleted ...
configure:2479: $? = 0
configure:2468: gcc -V >&5
gcc: error: unrecognized command-line option '-V'
gcc: fatal error: no input files
compilation terminated.
configure:2479: $? = 1
configure:2468: gcc -qversion >&5
gcc: error: unrecognized command-line option '-qversion'; did you mean '--version'?
gcc: fatal error: no input files
compilation terminated.
configure:2479: $? = 1
configure:2499: checking whether the C compiler works
configure:2521: gcc    conftest.c  >&5
configure:2525: $? = 0
configure:2573: result: yes
configure:2576: checking for C compiler default output file name
configure:2578: result: a.out
configure:2584: checking for suffix of executables
configure:2591: gcc -o conftest    conftest.c  >&5
configure:2595: $? = 0
configure:2617: result: 
configure:2639: checking whether we are cross compiling
configure:2647: gcc -o conftest    conftest.c  >&5
configure:2651: $? = 0
configure:2658: ./conftest
configure:2662: $? = 0
configure:2677: result: no
configure:2682: checking for suffix of object files
configure:2704: gcc -c   conftest.c >&5
configure:2708: $? = 0
configure:2729: result: o
configure:2733: checking whether we are using the GNU C compiler
configure:2752: gcc -c   conftest.c >&5
configure:2752: $? = 0
configure:2761: result: yes
configure:2770: checking whether gcc accepts -g
configure:2790: gcc -c -g  conftest.c >&5
configure:2790: $? = 0
configure:2831: result: yes
configure:2848: checking for gcc option to accept ISO C89
configure:2911: gcc  -c -g -O2  conftest.c >&5
configure:2911: $? = 0
configure:2924: result: none needed
configure:2952: checking how to run the C preprocessor
configure:2983: gcc -E  conftest.c
configure:2983: $? = 0
configure:2997: gcc -E  conftest.c
conftest.c:9:10: fatal error: ac_nonexistent.h: No such file or directory
    9 | #include <ac_nonexistent.h>
      |          ^~~~~~~~~~~~~~~~~~
compilation terminated.
configure:2997: $? = 1
configure: failed program was:
| /* confdefs.h */
| #define PACKAGE_NAME "esymath"
| #define PACKAGE_TARNAME "esymath"
| #define PACKAGE_VERSION "1.0"
| #define PACKAGE_STRING "esymath 1.0"
| #define PACKAGE_BUGREPORT "denyspavliuk13@gmail.com"
| #define PACKAGE_URL ""
| /* end confdefs.h.  */
| #include <ac_nonexistent.h>
configure:3022: result: gcc -E
configure:3042: gcc -E  conftest.c
configure:3042: $? = 0
configure:3056: gcc -E  conftest.c
conftest.c:9:10: fatal error: ac_nonexistent.h: No such file or directory
    9 | #include <ac_nonexistent.h>
      |          ^~~~~~~~~~~~~~~~~~
compilation terminated.
configure:3056: $? = 1
configure: failed program was:
| /* confdefs.h */
| #define PACKAGE_NAME "esymath"
| #define PACKAGE_TARNAME "esymath"
| #define PACKAGE_VERSION "1.0"
| #define PACKAGE_STRING "esymath 1.0"
| #define PACKAGE_BUGREPORT "denyspavliuk13@gmail.com"
| #define PACKAGE_URL ""
| /* end confdefs.h.  */
| #include <ac_nonexistent.h>
configure:3085: checking for grep that handles long lines and -e
configure:3143: result: /usr/bin/grep
configure:3148: checking for egrep
configure:3210: result: /usr/bin/grep -E
configure:3215: checking for ANSI C header files
configure:3235: gcc -c -g -O2  conftest.c >&5
configure:3235: $? = 0
configure:3308: gcc -o conftest -g -O2   conftest.c  >&5
configure:3308: $? = 0
configure:3308: ./conftest
configure:3308: $? = 0
configure:3319: result: yes
configure:3332: checking for sys/types.h
configure:3332: gcc -c -g -O2  conftest.c >&5
configure:3332: $? = 0
configure:3332: result: yes
configure:3332: checking for sys/stat.h
configure:3332: gcc -c -g -O2  conftest.c >&5
configure:3332: $? = 0
configure:3332: result: yes
configure:3332: checking for stdlib.h
configure:3332: gcc -c -g -O2  conftest.c >&5
configure:3332: $? = 0
configure:3332: result: yes
configure:3332: checking for string.h
configure:3332: gcc -c -g -O2  conftest.c >&5
configure:3332: $? = 0
configure:3332: result: yes
configure:3332: checking for memory.h
configure:3332: gcc -c -g -O2  conftest.c >&5
configure:3332: $? = 0
configure:3332: result: yes
configure:3332: checking for strings.h
configure:3332: gcc -c -g -O2  conftest.c >&5
configure:3332: $? = 0
configure:3332: result: yes
configure:3332: checking for inttypes.h
configure:3332: gcc -c -g -O2  conftest.c >&5
configure:3332: $? = 0
configure:3332: result: yes
configure:3332: checking for stdint.h
configure:3332: gcc -c -g -O2  conftest.c >&5
configure:3332: $? = 0
configure:3332: result: yes
configure:3332: checking for unistd.h
configure:3332: gcc -c -g -O2  conftest.c >&5
configure:3332: $? = 0
configure:3332: result: yes
configure:3347: checking stdio.h usability
configure:3347: gcc -c -g -O2  conftest.c >&5
configure:3347: $? = 0
configure:3347: result: yes
configure:3347: checking stdio.h presence
configure:3347: gcc -E  conftest.c
configure:3347: $? = 0
configure:3347: result: yes
configure:3347: checking for stdio.h
configure:3347: result: yes
configure:3347: checking for stdlib.h
configure:3347: result: yes
configure:3347: checking math.h usability
configure:3347: gcc -c -g -O2  conftest.c >&5
configure:3347: $? = 0
configure:3347: result: yes
configure:3347: checking math.h presence
configure:3347: gcc -E  conftest.c
configure:3347: $? = 0
configure:3347: result: yes
configure:3347: checking for math.h
configure:3347: result: yes
configure:3359: checking for an ANSI C-conforming const
configure:3425: gcc -c -g -O2  conftest.c >&5
configure:3425: $? = 0
configure:3432: result: yes
configure:3440: checking for size_t
configure:3440: gcc -c -g -O2  conftest.c >&5
configure:3440: $? = 0
configure:3440: gcc -c -g -O2  conftest.c >&5
conftest.c: In function 'main':
conftest.c:58:21: error: expected expression before ')' token
   58 | if (sizeof ((size_t)))
      |                     ^
configure:3440: $? = 1
configure: failed program was:
| /* confdefs.h */
| #define PACKAGE_NAME "esymath"
| #define PACKAGE_TARNAME "esymath"
| #define PACKAGE_VERSION "1.0"
| #define PACKAGE_STRING "esymath 1.0"
| #define PACKAGE_BUGREPORT "denyspavliuk13@gmail.com"
| #define PACKAGE_URL ""
| #define STDC_HEADERS 1
| #define HAVE_SYS_TYPES_H 1
| #define HAVE_SYS_STAT_H 1
| #define HAVE_STDLIB_H 1
| #define HAVE_STRING_H 1
| #define HAVE_MEMORY_H 1
| #define HAVE_STRINGS_H 1
| #define HAVE_INTTYPES_H 1
| #define HAVE_STDINT_H 1
| #define HAVE_UNISTD_H 1
| #define HAVE_STDIO_H 1
| #define HAVE_STDLIB_H 1
| #define HAVE_MATH_H 1
| /* end confdefs.h.  */
| #include <stdio.h>
| #ifdef HAVE_SYS_TYPES_H
| # include <sys/types.h>
| #endif
| #ifdef HAVE_SYS_STAT_H
| # include <sys/stat.h>
| #endif
| #ifdef STDC_HEADERS
| # include <stdlib.h>
| # include <stddef.h>
| #else
| # ifdef HAVE_STDLIB_H
| #  include <stdlib.h>
| # endif
| #endif
| #ifdef HAVE_STRING_H
| # if !defined STDC_HEADERS && defined HAVE_MEMORY_H
| #  include <memory.h>
| # endif
| # include <string.h>
| #endif
| #ifdef HAVE_STRINGS_H
| # include <strings.h>
| #endif
| #ifdef HAVE_INTTYPES_H
| # include <inttypes.h>
| #endif
| #ifdef HAVE_STDINT_H
| # include <stdint.h>
| #endif
| #ifdef HAVE_UNISTD_H
| # include <unistd.h>
| #endif
| int
| main ()
| {
| if (sizeof ((size_t)))
| 	    return 0;
|   ;
|   return 0;
| }
configure:3440: result: yes
configure:3455: checking for memset
configure:3455: gcc -o conftest -g -O2   conftest.c  >&5
conftest.c:45:6: warning: conflicting types for built-in function 'memset'; expected 'void *(void *, int,  long unsigned int)' [-Wbuiltin-declaration-mismatch]
   45 | char memset ();
      |      ^~~~~~
conftest.c:33:1: note: 'memset' is declared in header '<string.h>'
   32 | # include <limits.h>
   33 | #else
configure:3455: $? = 0
configure:3455: result: yes
configure:3610: creating ./config.status

## ---------------------- ##
## Running config.status. ##
## ---------------------- ##

This file was extended by esymath config.status 1.0, which was
generated by GNU Autoconf 2.69.  Invocation command line was

  CONFIG_FILES    = 
  CONFIG_HEADERS  = 
  CONFIG_LINKS    = 
  CONFIG_COMMANDS = 
  $ ./config.status 

on penguin

config.status:724: creating Makefile

## ---------------- ##
## Cache variables. ##
## ---------------- ##

ac_cv_c_compiler_gnu=yes
ac_cv_c_const=yes
ac_cv_env_CC_set=
ac_cv_env_CC_value=
ac_cv_env_CFLAGS_set=
ac_cv_env_CFLAGS_value=
ac_cv_env_CPPFLAGS_set=
ac_cv_env_CPPFLAGS_value=
ac_cv_env_CPP_set=
ac_cv_env_CPP_value=
ac_cv_env_LDFLAGS_set=
ac_cv_env_LDFLAGS_value=
ac_cv_env_LIBS_set=
ac_cv_env_LIBS_value=
ac_cv_env_build_alias_set=
ac_cv_env_build_alias_value=
ac_cv_env_host_alias_set=
ac_cv_env_host_alias_value=
ac_cv_env_target_alias_set=
ac_cv_env_target_alias_value=
ac_cv_func_memset=yes
ac_cv_header_inttypes_h=yes
ac_cv_header_math_h=yes
ac_cv_header_memory_h=yes
ac_cv_header_stdc=yes
ac_cv_header_stdint_h=yes
ac_cv_header_stdio_h=yes
ac_cv_header_stdlib_h=yes
ac_cv_header_string_h=yes
ac_cv_header_strings_h=yes
ac_cv_header_sys_stat_h=yes
ac_cv_header_sys_types_h=yes
ac_cv_header_unistd_h=yes
ac_cv_objext=o
ac_cv_path_EGREP='/usr/bin/grep -E'
ac_cv_path_GREP=/usr/bin/grep
ac_cv_prog_CPP='gcc -E'
ac_cv_prog_ac_ct_CC=gcc
ac_cv_prog_cc_c89=
ac_cv_prog_cc_g=yes
ac_cv_type_size_t=yes

## ----------------- ##
## Output variables. ##
## ----------------- ##

CC='gcc'
CFLAGS='-g -O2'
CPP='gcc -E'
CPPFLAGS=''
DEFS='-DPACKAGE_NAME=\"esymath\" -DPACKAGE_TARNAME=\"esymath\" -DPACKAGE_VERSION=\"1.0\" -DPACKAGE_STRING=\"esymath\ 1.0\" -DPACKAGE_BUGREPORT=\"denyspavliuk13@gmail.com\" -DPACKAGE_URL=\"\" -DSTDC_HEADERS=1 -DHAVE_SYS_TYPES_H=1 -DHAVE_SYS_STAT_H=1 -DHAVE_STDLIB_H=1 -DHAVE_STRING_H=1 -DHAVE_MEMORY_H=1 -DHAVE_STRINGS_H=1 -DHAVE_INTTYPES_H=1 -DHAVE_STDINT_H=1 -DHAVE_UNISTD_H=1 -DHAVE_STDIO_H=1 -DHAVE_STDLIB_H=1 -DHAVE_MATH_H=1 -DHAVE_MEMSET=1'
ECHO_C=''
ECHO_N='-n'
ECHO_T=''
EGREP='/usr/bin/grep -E'
EXEEXT=''
GREP='/usr/bin/grep'
LDFLAGS=''
LIBOBJS=''
LIBS=''
LTLIBOBJS=''
OBJEXT='o'
PACKAGE_BUGREPORT='denyspavliuk13@gmail.com'
PACKAGE_NAME='esymath'
PACKAGE_STRING='esymath 1.0'
PACKAGE_TARNAME='esymath'
PACKAGE_URL=''
PACKAGE_VERSION='1.0'
PATH_SEPARATOR=':'
SHELL='/bin/bash'
ac_ct_CC='gcc'
bindir='${exec_prefix}/bin'
build_alias=''
datadir='${datarootdir}'
datarootdir='${prefix}/share'
docdir='${datarootdir}/doc/${PACKAGE_TARNAME}'
dvidir='${docdir}'
exec_prefix='${prefix}'
host_alias=''
htmldir='${docdir}'
includedir='${prefix}/include'
infodir='${datarootdir}/info'
libdir='${exec_prefix}/lib'
libexecdir='${exec_prefix}/libexec'
localedir='${datarootdir}/locale'
localstatedir='${prefix}/var'
mandir='${datarootdir}/man'
oldincludedir='/usr/include'
pdfdir='${docdir}'
prefix='/usr/local'
program_transform_name='s,x,x,'
psdir='${docdir}'
runstatedir='${localstatedir}/run'
sbindir='${exec_prefix}/sbin'
sharedstatedir='${prefix}/com'
sysconfdir='${prefix}/etc'
target_alias=''

## ----------- ##
## confdefs.h. ##
## ----------- ##

/* confdefs.h */
#define PACKAGE_NAME "esymath"
#define PACKAGE_TARNAME "esymath"
#define PACKAGE_VERSION "1.0"
#define PACKAGE_STRING "esymath 1.0"
#define PACKAGE_BUGREPORT "denyspavliuk13@gmail.com"
#define PACKAGE_URL ""
#define STDC_HEADERS 1
#define HAVE_SYS_TYPES_H 1
#define HAVE_SYS_STAT_H 1
#define HAVE_STDLIB_H 1
#define HAVE_STRING_H 1
#define HAVE_MEMORY_H 1
#define HAVE_STRINGS_H 1
#define HAVE_INTTYPES_H 1
#define HAVE_STDINT_H 1
#define HAVE_UNISTD_H 1
#define HAVE_STDIO_H 1
#define HAVE_STDLIB_H 1
#define HAVE_MATH_H 1
#define HAVE_MEMSET 1

configure: exit 0
